[PID=2970] mutex=1, full=0, empty=20
[ LOG ] I'm in Producers PID==2972, PPID==2970

=======PRODUCER-MUTEX-START======[SUM=0][PID=2972]
[PID=2972] sh_data_p->write_idx == 0
[PID=2972] in_idx == 0
[PID=2972] [[  1  0  0  0  0  0  0  0  0  0  0  0  0  0  0  0  0  0  0  0]]
[PID=2972] mutex=0, full=0, empty=19
=======PRODUCER-MUTEX-ENDS=======[SUM=0][PID=2972]

=======PRODUCER-MUTEX-START======[SUM=0][PID=2972]
[PID=2972] sh_data_p->write_idx == 1
[PID=2972] in_idx == 1
[PID=2972] [[  1  2  0  0  0  0  0  0  0  0  0  0  0  0  0  0  0  0  0  0]]
[PID=2972] mutex=0, full=1, empty=18
=======PRODUCER-MUTEX-ENDS=======[SUM=0][PID=2972]

=======PRODUCER-MUTEX-START======[SUM=0][PID=2972]
[PID=2972] sh_data_p->write_idx == 2
[PID=2972] in_idx == 2
[PID=2972] [[  1  2  3  0  0  0  0  0  0  0  0  0  0  0  0  0  0  0  0  0]]
[PID=2972] mutex=0, full=2, empty=17
=======PRODUCER-MUTEX-ENDS=======[SUM=0][PID=2972]

=======PRODUCER-MUTEX-START======[SUM=0][PID=2972]
[PID=2972] sh_data_p->write_idx == 3
[PID=2972] in_idx == 3
[PID=2972] [[  1  2  3  4  0  0  0  0  0  0  0  0  0  0  0  0  0  0  0  0]]
[PID=2972] mutex=0, full=3, empty=16
=======PRODUCER-MUTEX-ENDS=======[SUM=0][PID=2972]

=======PRODUCER-MUTEX-START======[SUM=0][PID=2972]
[PID=2972] sh_data_p->write_idx == 4
[PID=2972] in_idx == 4
[PID=2972] [[  1  2  3  4  5  0  0  0  0  0  0  0  0  0  0  0  0  0  0  0]]
[PID=2972] mutex=0, full=4, empty=15
=======PRODUCER-MUTEX-ENDS=======[SUM=0][PID=2972]

=======PRODUCER-MUTEX-START======[SUM=0][PID=2972]
[PID=2972] sh_data_p->write_idx == 5
[PID=2972] in_idx == 5
[PID=2972] [[  1  2  3  4  5  6  0  0  0  0  0  0  0  0  0  0  0  0  0[ LOG ] I'm in Producers PID==2971, PPID==2970
  0]]
[PID=2972] mutex=0, full=5, empty=14
=======PRODUCER-MUTEX-ENDS=======[SUM=0][PID=2972]

=======PRODUCER-MUTEX-START======[SUM=0][PID=2972]
[PID=2972] sh_data_p->write_idx == 6
[PID=2972] in_idx == 6
[PID=2972] [[  1  2  3  4  5  6  7  0  0  0  0  0  0  0  0  0  0  0  0  0]]
[PID=2972] mutex=0, full=6, empty=13
=======PRODUCER-MUTEX-ENDS=======[SUM=0][PID=2972]

=======PRODUCER-MUTEX-START======[SUM=0][PID=2972]
[PID=2972] sh_data_p->write_idx == 7
[PID=2972] in_idx == 7
[PID=2972] [[  1  2  3  4  5  6  7  8  0  0  0  0  0  0  0  0  0  0  0  0]]
[PID=2972] mutex=0, full=7, empty=12
=======PRODUCER-MUTEX-ENDS=======[SUM=0][PID=2972]

=======PRODUCER-MUTEX-START======[SUM=0][PID=2972]
[PID=2972] sh_data_p->write_idx == 8
[PID=2972] in_idx == 8
[PID=2972] [[  1  2  3  4  5  6  7  8  9  0  0  0  0  0  0  0  0  0  0  0]]
[PID=2972] mutex=0, full=8, empty=10
=======PRODUCER-MUTEX-ENDS=======[SUM=0][PID=2972]

=======PRODUCER-MUTEX-START======[SUM=0][PID=2972]
[PID=2972] sh_data_p->write_idx == 9
[PID=2972] in_idx == 9
[PID=2972] [[  1  2  3  4  5  6  7  8  9 10  0  0  0  0  0  0  0  0  0  0]]
[PID=2972] mutex=0, full=9, empty=9
=======PRODUCER-MUTEX-ENDS=======[SUM=0][PID=2972]

=======PRODUCER-MUTEX-START======[SUM=0][PID=2972]
[PID=2972] sh_data_p->write_idx == 10
[PID=2972] in_idx == 10
[PID=2972] [[  1  2  3  4  5  6  7  8  9 10 11  0  0  0  0  0  0  0  0  0]]
[PID=2972] mutex=0, full=10, empty=8
=======PRODUCER-MUTEX-ENDS=======[SUM=0][PID=2972]

=======PRODUCER-MUTEX-START======[SUM=0][PID=2972]
[PID=2972] sh_data_p->write_idx == 11
[PID=2972] in_idx == 11
[PID=2972] [[  1  2  3  4  5  6  7  8  9 10 11 12  0  0  0  0  0  0  0  0]]
[PID=2972] mutex=0, full=11, empty=7
=======PRODUCER-MUTEX-ENDS=======[SUM=0][PID=2972]

=======PRODUCER-MUTEX-START======[SUM=0][PID=2972]
[PID=2972] sh_data_p->write_idx == 12
[PID=2972] in_idx == 12
[PID=2972] [[  1  2  3  4  5  6  7  8  9 10 11 12 13  0  0  0  0  0  0  0]]
[PID=2972] mutex=0, full=12, empty=6
=======PRODUCER-MUTEX-ENDS=======[SUM=0][PID=2972]

=======PRODUCER-MUTEX-START======[SUM=0][PID=2972]
[PID=2972] sh_data_p->write_idx == 13
[PID=2972] in_idx == 13
[PID=2972] [[  1  2  3  4  5  6  7  8  9 10 11 12 13 14  0  0  0  0  0  0]]
[PID=2972] mutex=0, full=13, empty=5
=======PRODUCER-MUTEX-ENDS=======[SUM=0][PID=2972]

=======PRODUCER-MUTEX-START======[SUM=0][PID=2972]
[PID=2972] sh_data_p->write_idx == 14
[PID=2972] in_idx == 14
[PID=2972] [[  1  2  3  4  5  6  7  8  9 10 11 12 13 14 15  0[ LOG ] I'm in Consumers PID==2973, PPID==2970
  0  0  0  0]]
[PID=2972] mutex=0, full=14, empty=4
=======PRODUCER-MUTEX-ENDS=======[SUM=0][PID=2972]

=======PRODUCER-MUTEX-START======[SUM=0][PID=2972]
[PID=2972] sh_data_p->write_idx == 15
[PID=2972] in_idx == 15
[PID=2972] [[  1  2  3  4  5  6  7  8  9 10 11 12 13 14 15 16  0[ LOG ] I'm in Consumers PID==2974, PPID==2970
  0  0  0]]
[PID=2972] mutex=0, full=14, empty=3
=======PRODUCER-MUTEX-ENDS=======[SUM=0][PID=2972]

=======PRODUCER-MUTEX-START======[SUM=0][PID=2972]
[PID=2972] sh_data_p->write_idx == 16
[PID=2972] in_idx == 16
[PID=2972] [[  1  2  3  4  5  6  7  8  9 10 11 12 13 14 15 16 17  0  0  0]]
[ LOG ] I'm in Consumers PID==2975, PPID==2970
[PID=2972] mutex=0, full=14, empty=2
=======PRODUCER-MUTEX-ENDS=======[SUM=0][PID=2972]

=======PRODUCER-MUTEX-START======[SUM=0][PID=2972]
[PID=2972] sh_data_p->write_idx == 17
[PID=2972] in_idx == 17
[PID=2972] [[  1  2  3  4  5  6  7  8  9 10 11 12 13 14 15 16 17 18  0  0]][ LOG ] I'm in Consumers PID==2976, PPID==2970

[PID=2972] mutex=0, full=14, empty=1
=======PRODUCER-MUTEX-ENDS=======[SUM=0][PID=2972]

=======PRODUCER-MUTEX-START======[SUM=0][PID=2972]
[PID=2972] sh_data_p->write_idx == 18
[PID=2972] in_idx == 18
[PID=2972] [[  1  2  3  4  5  6  7  8  9 10 11 12 13 14 15 16 17 18 19  0]]
[PID=2972] mutex=0, full=14, empty=0
=======PRODUCER-MUTEX-ENDS=======[SUM=0][PID=2972]

+++++CONSUMER-MUTEX-START+++++++[SUM=0][PID=2975]
[PID=2975] mutex=0, full=15, empty=0
[PID=2975] read_idx = 0
[PID=2975] out_idx == 0
[PID=2975] [[[ LOG ] I'm in Consumers PID==2977, PPID==2970
  0  2  3  4  5  6  7  8  9 10 11 12 13 14 15 16 17 18 19  0]]
+++++CONSUMER-MUTEX-ENDS++++++++[SUM=1][PID=2975]


+++++CONSUMER-MUTEX-START+++++++[SUM=1][PID=2975]
[PID=2975] mutex=0, full=13, empty=1
[PID=2975] read_idx = 1
[PID=2975] out_idx == 1
[PID=2975] [[  0  0  3  4[ LOG ] I'm in Consumers PID==2978, PPID==2970
  5  6  7  8  9 10 11 12 13 14 15 16 17 18 19  0]]
+++++CONSUMER-MUTEX-ENDS++++++++[SUM=3][PID=2975]


+++++CONSUMER-MUTEX-START+++++++[SUM=3][PID=2975]
[PID=2975] mutex=0, full=11, empty=1
[PID=2975] read_idx = 2
[PID=2975] out_idx == 2
[PID=2975] [[  0  0  0  4  5  6  7  8  9 10 11 12[ LOG ] I'm in Consumers PID==2979, PPID==2970
 13 14 15 16 17 18 19  0]]
+++++CONSUMER-MUTEX-ENDS++++++++[SUM=6][PID=2975]


+++++CONSUMER-MUTEX-START+++++++[SUM=6][PID=2975]
[PID=2975] mutex=0, full=9, empty=2
[PID=2975] read_idx = 3
[PID=2975] out_idx == 3
[PID=2975] [[  0  0  0  0  5  6  7  8  9 10 11 12 13 14 15 16 17 18 19  0]]
+++++CONSUMER-MUTEX-ENDS++++++++[SUM=10][PID=2975]


+++++CONSUMER-MUTEX-START+++++++[SUM=10][PID=2975]
[PID=2975] mutex=0, full=8, empty=3
[PID=2975] read_idx = 4
[PID=2975] out_idx == 4
[PID=2975] [[  0  0  0  0  0  6  7  8  9 10 11 12 13 14 15 16 17 18 19  0]]
+++++CONSUMER-MUTEX-ENDS++++++++[SUM=15][PID=2975]


+++++CONSUMER-MUTEX-START+++++++[SUM=15][PID=2975]
[PID=2975] mutex=0, full=7, empty=4
[PID=2975] read_idx = 5
[PID=2975] out_idx == 5
[PID=2975] [[  0  0  0  0  0  0  7  8  9 10 11 12 13 14 15 16 17 18 19  0]]
+++++CONSUMER-MUTEX-ENDS++++++++[SUM=21][PID=2975]


+++++CONSUMER-MUTEX-START+++++++[SUM=21][PID=2975]
[PID=2975] mutex=0, full=6, empty=5
[PID=2975] read_idx = 6
[PID=2975] out_idx == 6
[PID=2975] [[  0  0  0  0  0  0  0  8  9 10 11 12 13 14 15 16 17 18 19  0]]
+++++CONSUMER-MUTEX-ENDS++++++++[SUM=28][PID=2975]


+++++CONSUMER-MUTEX-START+++++++[SUM=28][PID=2975]
[PID=2975] mutex=0, full=5, empty=6
[PID=2975] read_idx = 7
[PID=2975] out_idx == 7
[PID=2975] [[  0  0  0  0  0  0  0  0  9 10 11 12 13 14 15 16 17 18 19  0]]
+++++CONSUMER-MUTEX-ENDS++++++++[SUM=36][PID=2975]


+++++CONSUMER-MUTEX-START+++++++[SUM=36][PID=2975]
[PID=2975] mutex=0, full=4, empty=7
[PID=2975] read_idx = 8
[PID=2975] out_idx == 8
[PID=2975] [[  0  0  0  0  0  0  0  0  0 10 11 12 13 14 15 16 17 18 19  0]]
+++++CONSUMER-MUTEX-ENDS++++++++[SUM=45][PID=2975]


+++++CONSUMER-MUTEX-START+++++++[SUM=45][PID=2975]
[PID=2975] mutex=0, full=3, empty=8
[PID=2975] read_idx = 9
[PID=2975] out_idx == 9
[PID=2975] [[  0  0  0  0  0  0  0  0  0  0 11 12 13 14 15 16 17 18 19  0]]
+++++CONSUMER-MUTEX-ENDS++++++++[SUM=55][PID=2975]


+++++CONSUMER-MUTEX-START+++++++[SUM=55][PID=2975]
[PID=2975] mutex=0, full=2, empty=9
[PID=2975] read_idx = 10
[PID=2975] out_idx == 10
[PID=2975] [[  0  0  0  0  0  0  0  0  0  0  0 12 13 14 15 16 17 18 19  0]]
+++++CONSUMER-MUTEX-ENDS++++++++[SUM=66][PID=2975]


+++++CONSUMER-MUTEX-START+++++++[SUM=66][PID=2975]
[PID=2975] mutex=0, full=1, empty=10
[PID=2975] read_idx = 11
[PID=2975] out_idx == 11
[PID=2975] [[  0  0  0  0  0  0  0  0  0  0  0  0 13 14 15 16 17 18 19  0]]
+++++CONSUMER-MUTEX-ENDS++++++++[SUM=78][PID=2975]


+++++CONSUMER-MUTEX-START+++++++[SUM=78][PID=2975]
[PID=2975] mutex=0, full=0, empty=11
[PID=2975] read_idx = 12
[PID=2975] out_idx == 12
[PID=2975] [[  0  0  0  0  0  0  0  0  0  0  0  0  0 14 15 16 17 18 19  0]]
+++++CONSUMER-MUTEX-ENDS++++++++[SUM=91][PID=2975]


=======PRODUCER-MUTEX-START======[SUM=91][PID=2972]
[PID=2972] sh_data_p->write_idx == 19
[PID=2972] in_idx == 19
[PID=2972] [[  0  0  0  0  0  0  0  0  0  0  0  0  0 14 15 16 17 18 19 20]]
[PID=2972] mutex=0, full=0, empty=12
=======PRODUCER-MUTEX-ENDS=======[SUM=91][PID=2972]

=======PRODUCER-MUTEX-START======[SUM=91][PID=2972]
[PID=2972] sh_data_p->write_idx == 20
[PID=2972] in_idx == 0
[PID=2972] [[ 21  0  0  0  0  0  0  0  0  0  0  0  0 14 15 16 17 18 19 20]]
[PID=2972] mutex=0, full=0, empty=11
=======PRODUCER-MUTEX-ENDS=======[SUM=91][PID=2972]

=======PRODUCER-MUTEX-START======[SUM=91][PID=2972]
[PID=2972] sh_data_p->write_idx == 21
[PID=2972] in_idx == 1
[PID=2972] [[ 21 22  0  0  0  0  0  0  0  0  0  0  0 14 15 16 17 18 19 20]]
[PID=2972] mutex=0, full=1, empty=10
=======PRODUCER-MUTEX-ENDS=======[SUM=91][PID=2972]

=======PRODUCER-MUTEX-START======[SUM=91][PID=2972]
[PID=2972] sh_data_p->write_idx == 22
[PID=2972] in_idx == 2
[PID=2972] [[ 21 22 23  0  0  0  0  0  0  0  0  0  0 14 15 16 17 18 19 20]]
[PID=2972] mutex=0, full=2, empty=9
=======PRODUCER-MUTEX-ENDS=======[SUM=91][PID=2972]

=======PRODUCER-MUTEX-START======[SUM=91][PID=2972]
[PID=2972] sh_data_p->write_idx == 23
[PID=2972] in_idx == 3
[PID=2972] [[ 21 22 23 24  0  0  0  0  0  0  0  0  0 14 15 16 17 18 19 20]]
[PID=2972] mutex=0, full=3, empty=8
=======PRODUCER-MUTEX-ENDS=======[SUM=91][PID=2972]

=======PRODUCER-MUTEX-START======[SUM=91][PID=2972]
[PID=2972] sh_data_p->write_idx == 24
[PID=2972] in_idx == 4
[PID=2972] [[ 21 22 23 24 25  0  0  0  0  0  0  0  0 14 15 16 17 18 19 20]]
[PID=2972] mutex=0, full=4, empty=7
=======PRODUCER-MUTEX-ENDS=======[SUM=91][PID=2972]

=======PRODUCER-MUTEX-START======[SUM=91][PID=2972]
[PID=2972] sh_data_p->write_idx == 25
[PID=2972] in_idx == 5
[PID=2972] [[ 21 22 23 24 25 26  0  0  0  0  0  0  0 14 15 16 17 18 19 20]]
[PID=2972] mutex=0, full=5, empty=6
=======PRODUCER-MUTEX-ENDS=======[SUM=91][PID=2972]

=======PRODUCER-MUTEX-START======[SUM=91][PID=2972]
[PID=2972] sh_data_p->write_idx == 26
[PID=2972] in_idx == 6
[PID=2972] [[ 21 22 23 24 25 26 27  0  0  0  0  0  0 14 15 16 17 18 19 20]]
[PID=2972] mutex=0, full=6, empty=5
=======PRODUCER-MUTEX-ENDS=======[SUM=91][PID=2972]

=======PRODUCER-MUTEX-START======[SUM=91][PID=2972]
[PID=2972] sh_data_p->write_idx == 27
[PID=2972] in_idx == 7
[PID=2972] [[ 21 22 23 24 25 26 27 28  0  0  0  0  0 14 15 16 17 18 19 20]]
[PID=2972] mutex=0, full=7, empty=4
=======PRODUCER-MUTEX-ENDS=======[SUM=91][PID=2972]

=======PRODUCER-MUTEX-START======[SUM=91][PID=2972]
[PID=2972] sh_data_p->write_idx == 28
[PID=2972] in_idx == 8
[PID=2972] [[ 21 22 23 24 25 26 27 28 29  0  0  0  0 14 15 16 17 18 19 20]]
[PID=2972] mutex=0, full=8, empty=3
=======PRODUCER-MUTEX-ENDS=======[SUM=91][PID=2972]

=======PRODUCER-MUTEX-START======[SUM=91][PID=2972]
[PID=2972] sh_data_p->write_idx == 29
[PID=2972] in_idx == 9
[PID=2972] [[ 21 22 23 24 25 26 27 28 29 30  0  0  0 14 15 16 17 18 19 20]]
[PID=2972] mutex=0, full=9, empty=2
=======PRODUCER-MUTEX-ENDS=======[SUM=91][PID=2972]

=======PRODUCER-MUTEX-START======[SUM=91][PID=2972]
[PID=2972] sh_data_p->write_idx == 30
[PID=2972] in_idx == 10
[PID=2972] [[ 21 22 23 24 25 26 27 28 29 30 31  0  0 14 15 16 17 18 19 20]]
[PID=2972] mutex=0, full=10, empty=1
=======PRODUCER-MUTEX-ENDS=======[SUM=91][PID=2972]

=======PRODUCER-MUTEX-START======[SUM=91][PID=2972]
[PID=2972] sh_data_p->write_idx == 31
[PID=2972] in_idx == 11
[PID=2972] [[ 21 22 23 24 25 26 27 28 29 30 31 32  0 14 15 16 17 18 19 20]]
[PID=2972] mutex=0, full=11, empty=0
=======PRODUCER-MUTEX-ENDS=======[SUM=91][PID=2972]

+++++CONSUMER-MUTEX-START+++++++[SUM=91][PID=2977]
[PID=2977] mutex=0, full=12, empty=0
[PID=2977] read_idx = 13
[PID=2977] out_idx == 13
[PID=2977] [[ 21 22 23 24 25 26 27 28 29 30 31 32  0  0 15 16 17 18 19 20]]
+++++CONSUMER-MUTEX-ENDS++++++++[SUM=105][PID=2977]


+++++CONSUMER-MUTEX-START+++++++[SUM=105][PID=2977]
[PID=2977] mutex=0, full=11, empty=0
[PID=2977] read_idx = 14
[PID=2977] out_idx == 14
[PID=2977] [[ 21 22 23 24 25 26 27 28 29 30 31 32  0  0  0 16 17 18 19 20]]
+++++CONSUMER-MUTEX-ENDS++++++++[SUM=120][PID=2977]


+++++CONSUMER-MUTEX-START+++++++[SUM=120][PID=2977]
[PID=2977] mutex=0, full=10, empty=1
[PID=2977] read_idx = 15
[PID=2977] out_idx == 15
[PID=2977] [[ 21 22 23 24 25 26 27 28 29 30 31 32  0  0  0  0 17 18 19 20]]
+++++CONSUMER-MUTEX-ENDS++++++++[SUM=136][PID=2977]


+++++CONSUMER-MUTEX-START+++++++[SUM=136][PID=2977]
[PID=2977] mutex=0, full=9, empty=2
[PID=2977] read_idx = 16
[PID=2977] out_idx == 16
[PID=2977] [[ 21 22 23 24 25 26 27 28 29 30 31 32  0  0  0  0  0 18 19 20]]
+++++CONSUMER-MUTEX-ENDS++++++++[SUM=153][PID=2977]


+++++CONSUMER-MUTEX-START+++++++[SUM=153][PID=2977]
[PID=2977] mutex=0, full=8, empty=3
[PID=2977] read_idx = 17
[PID=2977] out_idx == 17
[PID=2977] [[ 21 22 23 24 25 26 27 28 29 30 31 32  0  0  0  0  0  0 19 20]]
+++++CONSUMER-MUTEX-ENDS++++++++[SUM=171][PID=2977]


+++++CONSUMER-MUTEX-START+++++++[SUM=171][PID=2977]
[PID=2977] mutex=0, full=7, empty=4
[PID=2977] read_idx = 18
[PID=2977] out_idx == 18
[PID=2977] [[ 21 22 23 24 25 26 27 28 29 30 31 32  0  0  0  0  0  0  0 20]]
+++++CONSUMER-MUTEX-ENDS++++++++[SUM=190][PID=2977]


+++++CONSUMER-MUTEX-START+++++++[SUM=190][PID=2977]
[PID=2977] mutex=0, full=6, empty=5
[PID=2977] read_idx = 19
[PID=2977] out_idx == 19
[PID=2977] [[ 21 22 23 24 25 26 27 28 29 30 31 32  0  0  0  0  0  0  0  0]]
+++++CONSUMER-MUTEX-ENDS++++++++[SUM=210][PID=2977]


+++++CONSUMER-MUTEX-START+++++++[SUM=210][PID=2977]
[PID=2977] mutex=0, full=5, empty=6
[PID=2977] read_idx = 20
[PID=2977] out_idx == 0
[PID=2977] [[  0 22 23 24 25 26 27 28 29 30 31 32  0  0  0  0  0  0  0  0]]
+++++CONSUMER-MUTEX-ENDS++++++++[SUM=231][PID=2977]


+++++CONSUMER-MUTEX-START+++++++[SUM=231][PID=2977]
[PID=2977] mutex=0, full=4, empty=7
[PID=2977] read_idx = 21
[PID=2977] out_idx == 1
[PID=2977] [[  0  0 23 24 25 26 27 28 29 30 31 32  0  0  0  0  0  0  0  0]]
+++++CONSUMER-MUTEX-ENDS++++++++[SUM=253][PID=2977]


+++++CONSUMER-MUTEX-START+++++++[SUM=253][PID=2977]
[PID=2977] mutex=0, full=3, empty=8
[PID=2977] read_idx = 22
[PID=2977] out_idx == 2
[PID=2977] [[  0  0  0 24 25 26 27 28 29 30 31 32  0  0  0  0  0  0  0  0]]
+++++CONSUMER-MUTEX-ENDS++++++++[SUM=276][PID=2977]


+++++CONSUMER-MUTEX-START+++++++[SUM=276][PID=2977]
[PID=2977] mutex=0, full=2, empty=9
[PID=2977] read_idx = 23
[PID=2977] out_idx == 3
[PID=2977] [[  0  0  0  0 25 26 27 28 29 30 31 32  0  0  0  0  0  0  0  0]]
+++++CONSUMER-MUTEX-ENDS++++++++[SUM=300][PID=2977]


+++++CONSUMER-MUTEX-START+++++++[SUM=300][PID=2977]
[PID=2977] mutex=0, full=1, empty=10
[PID=2977] read_idx = 24
[PID=2977] out_idx == 4
[PID=2977] [[  0  0  0  0  0 26 27 28 29 30 31 32  0  0  0  0  0  0  0  0]]
+++++CONSUMER-MUTEX-ENDS++++++++[SUM=325][PID=2977]


+++++CONSUMER-MUTEX-START+++++++[SUM=325][PID=2977]
[PID=2977] mutex=0, full=0, empty=11
[PID=2977] read_idx = 25
[PID=2977] out_idx == 5
[PID=2977] [[  0  0  0  0  0  0 27 28 29 30 31 32  0  0  0  0  0  0  0  0]]
+++++CONSUMER-MUTEX-ENDS++++++++[SUM=351][PID=2977]


=======PRODUCER-MUTEX-START======[SUM=351][PID=2972]
[PID=2972] sh_data_p->write_idx == 32
[PID=2972] in_idx == 12
[PID=2972] [[  0  0  0  0  0  0 27 28 29 30 31 32 33  0  0  0  0  0  0  0]]
[PID=2972] mutex=0, full=0, empty=12
=======PRODUCER-MUTEX-ENDS=======[SUM=351][PID=2972]

+++++CONSUMER-MUTEX-START+++++++[SUM=351][PID=2978]
[PID=2978] mutex=0, full=0, empty=11
[PID=2978] read_idx = 26
[PID=2978] out_idx == 6
[PID=2978] [[  0  0  0  0  0  0  0 28 29 30 31 32 33  0  0  0  0  0  0  0]]
+++++CONSUMER-MUTEX-ENDS++++++++[SUM=378][PID=2978]


+++++CONSUMER-MUTEX-START+++++++[SUM=378][PID=2979]
[PID=2979] mutex=0, full=0, empty=12
[PID=2979] read_idx = 27
[PID=2979] out_idx == 7
[PID=2979] [[  0  0  0  0  0  0  0  0 29 30 31 32 33  0  0  0  0  0  0  0]]
+++++CONSUMER-MUTEX-ENDS++++++++[SUM=406][PID=2979]


+++++CONSUMER-MUTEX-START+++++++[SUM=406][PID=2976]
[PID=2976] mutex=0, full=0, empty=13
[PID=2976] read_idx = 28
[PID=2976] out_idx == 8
[PID=2976] [[  0  0  0  0  0  0  0  0  0 30 31 32 33  0  0  0  0  0  0  0]]
+++++CONSUMER-MUTEX-ENDS++++++++[SUM=435][PID=2976]


+++++CONSUMER-MUTEX-START+++++++[SUM=435][PID=2974]
[PID=2974] mutex=0, full=0, empty=14
[PID=2974] read_idx = 29
[PID=2974] out_idx == 9
[PID=2974] [[  0  0  0  0  0  0  0  0  0  0 31 32 33  0  0  0  0  0  0  0]]
+++++CONSUMER-MUTEX-ENDS++++++++[SUM=465][PID=2974]


=======PRODUCER-MUTEX-START======[SUM=465][PID=2971]
[PID=2971] sh_data_p->write_idx == 33
[PID=2971] in_idx == 13
[PID=2971] [[  0  0  0  0  0  0  0  0  0  0 31 32 33  1  0  0  0  0  0  0]]
[PID=2971] mutex=0, full=0, empty=15
=======PRODUCER-MUTEX-ENDS=======[SUM=465][PID=2971]

=======PRODUCER-MUTEX-START======[SUM=465][PID=2971]
[PID=2971] sh_data_p->write_idx == 34
[PID=2971] in_idx == 14
[PID=2971] [[  0  0  0  0  0  0  0  0  0  0 31 32 33  1  2  0  0  0  0  0]]
[PID=2971] mutex=0, full=1, empty=14
=======PRODUCER-MUTEX-ENDS=======[SUM=465][PID=2971]

=======PRODUCER-MUTEX-START======[SUM=465][PID=2971]
[PID=2971] sh_data_p->write_idx == 35
[PID=2971] in_idx == 15
[PID=2971] [[  0  0  0  0  0  0  0  0  0  0 31 32 33  1  2  3  0  0  0  0]]
[PID=2971] mutex=0, full=1, empty=13
=======PRODUCER-MUTEX-ENDS=======[SUM=465][PID=2971]

=======PRODUCER-MUTEX-START======[SUM=465][PID=2971]
[PID=2971] sh_data_p->write_idx == 36
[PID=2971] in_idx == 16
[PID=2971] [[  0  0  0  0  0  0  0  0  0  0 31 32 33  1  2  3  4  0  0  0]]
[PID=2971] mutex=0, full=2, empty=12
=======PRODUCER-MUTEX-ENDS=======[SUM=465][PID=2971]

=======PRODUCER-MUTEX-START======[SUM=465][PID=2971]
[PID=2971] sh_data_p->write_idx == 37
[PID=2971] in_idx == 17
[PID=2971] [[  0  0  0  0  0  0  0  0  0  0 31 32 33  1  2  3  4  5  0  0]]
[PID=2971] mutex=0, full=2, empty=11
=======PRODUCER-MUTEX-ENDS=======[SUM=465][PID=2971]

=======PRODUCER-MUTEX-START======[SUM=465][PID=2971]
[PID=2971] sh_data_p->write_idx == 38
[PID=2971] in_idx == 18
[PID=2971] [[  0  0  0  0  0  0  0  0  0  0 31 32 33  1  2  3  4  5  6  0]]
[PID=2971] mutex=0, full=3, empty=10
=======PRODUCER-MUTEX-ENDS=======[SUM=465][PID=2971]

=======PRODUCER-MUTEX-START======[SUM=465][PID=2971]
[PID=2971] sh_data_p->write_idx == 39
[PID=2971] in_idx == 19
[PID=2971] [[  0  0  0  0  0  0  0  0  0  0 31 32 33  1  2  3  4  5  6  7]]
[PID=2971] mutex=0, full=4, empty=9
=======PRODUCER-MUTEX-ENDS=======[SUM=465][PID=2971]

=======PRODUCER-MUTEX-START======[SUM=465][PID=2971]
[PID=2971] sh_data_p->write_idx == 40
[PID=2971] in_idx == 0
[PID=2971] [[  8  0  0  0  0  0  0  0  0  0 31 32 33  1  2  3  4  5  6  7]]
[PID=2971] mutex=0, full=5, empty=8
=======PRODUCER-MUTEX-ENDS=======[SUM=465][PID=2971]

=======PRODUCER-MUTEX-START======[SUM=465][PID=2971]
[PID=2971] sh_data_p->write_idx == 41
[PID=2971] in_idx == 1
[PID=2971] [[  8  9  0  0  0  0  0  0  0  0 31 32 33  1  2  3  4  5  6  7]]
[PID=2971] mutex=0, full=6, empty=7
=======PRODUCER-MUTEX-ENDS=======[SUM=465][PID=2971]

=======PRODUCER-MUTEX-START======[SUM=465][PID=2971]
[PID=2971] sh_data_p->write_idx == 42
[PID=2971] in_idx == 2
[PID=2971] [[  8  9 10  0  0  0  0  0  0  0 31 32 33  1  2  3  4  5  6  7]]
[PID=2971] mutex=0, full=7, empty=6
=======PRODUCER-MUTEX-ENDS=======[SUM=465][PID=2971]

=======PRODUCER-MUTEX-START======[SUM=465][PID=2971]
[PID=2971] sh_data_p->write_idx == 43
[PID=2971] in_idx == 3
[PID=2971] [[  8  9 10 11  0  0  0  0  0  0 31 32 33  1  2  3  4  5  6  7]]
[PID=2971] mutex=0, full=8, empty=5
=======PRODUCER-MUTEX-ENDS=======[SUM=465][PID=2971]

=======PRODUCER-MUTEX-START======[SUM=465][PID=2971]
[PID=2971] sh_data_p->write_idx == 44
[PID=2971] in_idx == 4
[PID=2971] [[  8  9 10 11 12  0  0  0  0  0 31 32 33  1  2  3  4  5  6  7]]
[PID=2971] mutex=0, full=9, empty=4
=======PRODUCER-MUTEX-ENDS=======[SUM=465][PID=2971]

=======PRODUCER-MUTEX-START======[SUM=465][PID=2971]
[PID=2971] sh_data_p->write_idx == 45
[PID=2971] in_idx == 5
[PID=2971] [[  8  9 10 11 12 13  0  0  0  0 31 32 33  1  2  3  4  5  6  7]]
[PID=2971] mutex=0, full=10, empty=3
=======PRODUCER-MUTEX-ENDS=======[SUM=465][PID=2971]

=======PRODUCER-MUTEX-START======[SUM=465][PID=2971]
[PID=2971] sh_data_p->write_idx == 46
[PID=2971] in_idx == 6
[PID=2971] [[  8  9 10 11 12 13 14  0  0  0 31 32 33  1  2  3  4  5  6  7]]
[PID=2971] mutex=0, full=11, empty=2
=======PRODUCER-MUTEX-ENDS=======[SUM=465][PID=2971]

=======PRODUCER-MUTEX-START======[SUM=465][PID=2971]
[PID=2971] sh_data_p->write_idx == 47
[PID=2971] in_idx == 7
[PID=2971] [[  8  9 10 11 12 13 14 15  0  0 31 32 33  1  2  3  4  5  6  7]]
[PID=2971] mutex=0, full=12, empty=1
=======PRODUCER-MUTEX-ENDS=======[SUM=465][PID=2971]

=======PRODUCER-MUTEX-START======[SUM=465][PID=2971]
[PID=2971] sh_data_p->write_idx == 48
[PID=2971] in_idx == 8
[PID=2971] [[  8  9 10 11 12 13 14 15 16  0 31 32 33  1  2  3  4  5  6  7]]
[PID=2971] mutex=0, full=13, empty=0
=======PRODUCER-MUTEX-ENDS=======[SUM=465][PID=2971]

+++++CONSUMER-MUTEX-START+++++++[SUM=465][PID=2979]
[PID=2979] mutex=0, full=14, empty=0
[PID=2979] read_idx = 30
[PID=2979] out_idx == 10
[PID=2979] [[  8  9 10 11 12 13 14 15 16  0  0 32 33  1  2  3  4  5  6  7]]
+++++CONSUMER-MUTEX-ENDS++++++++[SUM=496][PID=2979]


+++++CONSUMER-MUTEX-START+++++++[SUM=496][PID=2973]
[PID=2973] mutex=0, full=13, empty=0
[PID=2973] read_idx = 31
[PID=2973] out_idx == 11
[PID=2973] [[  8  9 10 11 12 13 14 15 16  0  0  0 33  1  2  3  4  5  6  7]]
+++++CONSUMER-MUTEX-ENDS++++++++[SUM=528][PID=2973]


+++++CONSUMER-MUTEX-START+++++++[SUM=528][PID=2973]
[PID=2973] mutex=0, full=12, empty=1
[PID=2973] read_idx = 32
[PID=2973] out_idx == 12
[PID=2973] [[  8  9 10 11 12 13 14 15 16  0  0  0  0  1  2  3  4  5  6  7]]
+++++CONSUMER-MUTEX-ENDS++++++++[SUM=561][PID=2973]


+++++CONSUMER-MUTEX-START+++++++[SUM=561][PID=2973]
[PID=2973] mutex=0, full=11, empty=2
[PID=2973] read_idx = 33
[PID=2973] out_idx == 13
[PID=2973] [[  8  9 10 11 12 13 14 15 16  0  0  0  0  0  2  3  4  5  6  7]]
+++++CONSUMER-MUTEX-ENDS++++++++[SUM=562][PID=2973]


+++++CONSUMER-MUTEX-START+++++++[SUM=562][PID=2973]
[PID=2973] mutex=0, full=10, empty=3
[PID=2973] read_idx = 34
[PID=2973] out_idx == 14
[PID=2973] [[  8  9 10 11 12 13 14 15 16  0  0  0  0  0  0  3  4  5  6  7]]
+++++CONSUMER-MUTEX-ENDS++++++++[SUM=564][PID=2973]


+++++CONSUMER-MUTEX-START+++++++[SUM=564][PID=2973]
[PID=2973] mutex=0, full=9, empty=4
[PID=2973] read_idx = 35
[PID=2973] out_idx == 15
[PID=2973] [[  8  9 10 11 12 13 14 15 16  0  0  0  0  0  0  0  4  5  6  7]]
+++++CONSUMER-MUTEX-ENDS++++++++[SUM=567][PID=2973]


+++++CONSUMER-MUTEX-START+++++++[SUM=567][PID=2973]
[PID=2973] mutex=0, full=8, empty=5
[PID=2973] read_idx = 36
[PID=2973] out_idx == 16
[PID=2973] [[  8  9 10 11 12 13 14 15 16  0  0  0  0  0  0  0  0  5  6  7]]
+++++CONSUMER-MUTEX-ENDS++++++++[SUM=571][PID=2973]


+++++CONSUMER-MUTEX-START+++++++[SUM=571][PID=2973]
[PID=2973] mutex=0, full=7, empty=6
[PID=2973] read_idx = 37
[PID=2973] out_idx == 17
[PID=2973] [[  8  9 10 11 12 13 14 15 16  0  0  0  0  0  0  0  0  0  6  7]]
+++++CONSUMER-MUTEX-ENDS++++++++[SUM=576][PID=2973]


+++++CONSUMER-MUTEX-START+++++++[SUM=576][PID=2973]
[PID=2973] mutex=0, full=6, empty=7
[PID=2973] read_idx = 38
[PID=2973] out_idx == 18
[PID=2973] [[  8  9 10 11 12 13 14 15 16  0  0  0  0  0  0  0  0  0  0  7]]
+++++CONSUMER-MUTEX-ENDS++++++++[SUM=582][PID=2973]


+++++CONSUMER-MUTEX-START+++++++[SUM=582][PID=2973]
[PID=2973] mutex=0, full=5, empty=8
[PID=2973] read_idx = 39
[PID=2973] out_idx == 19
[PID=2973] [[  8  9 10 11 12 13 14 15 16  0  0  0  0  0  0  0  0  0  0  0]]
+++++CONSUMER-MUTEX-ENDS++++++++[SUM=589][PID=2973]


+++++CONSUMER-MUTEX-START+++++++[SUM=589][PID=2973]
[PID=2973] mutex=0, full=4, empty=9
[PID=2973] read_idx = 40
[PID=2973] out_idx == 0
[PID=2973] [[  0  9 10 11 12 13 14 15 16  0  0  0  0  0  0  0  0  0  0  0]]
+++++CONSUMER-MUTEX-ENDS++++++++[SUM=597][PID=2973]


+++++CONSUMER-MUTEX-START+++++++[SUM=597][PID=2973]
[PID=2973] mutex=0, full=3, empty=10
[PID=2973] read_idx = 41
[PID=2973] out_idx == 1
[PID=2973] [[  0  0 10 11 12 13 14 15 16  0  0  0  0  0  0  0  0  0  0  0]]
+++++CONSUMER-MUTEX-ENDS++++++++[SUM=606][PID=2973]


+++++CONSUMER-MUTEX-START+++++++[SUM=606][PID=2973]
[PID=2973] mutex=0, full=2, empty=11
[PID=2973] read_idx = 42
[PID=2973] out_idx == 2
[PID=2973] [[  0  0  0 11 12 13 14 15 16  0  0  0  0  0  0  0  0  0  0  0]]
+++++CONSUMER-MUTEX-ENDS++++++++[SUM=616][PID=2973]


+++++CONSUMER-MUTEX-START+++++++[SUM=616][PID=2973]
[PID=2973] mutex=0, full=1, empty=12
[PID=2973] read_idx = 43
[PID=2973] out_idx == 3
[PID=2973] [[  0  0  0  0 12 13 14 15 16  0  0  0  0  0  0  0  0  0  0  0]]
+++++CONSUMER-MUTEX-ENDS++++++++[SUM=627][PID=2973]


+++++CONSUMER-MUTEX-START+++++++[SUM=627][PID=2973]
[PID=2973] mutex=0, full=0, empty=13
[PID=2973] read_idx = 44
[PID=2973] out_idx == 4
[PID=2973] [[  0  0  0  0  0 13 14 15 16  0  0  0  0  0  0  0  0  0  0  0]]
+++++CONSUMER-MUTEX-ENDS++++++++[SUM=639][PID=2973]


+++++CONSUMER-MUTEX-START+++++++[SUM=639][PID=2975]
[PID=2975] mutex=0, full=0, empty=14
[PID=2975] read_idx = 45
[PID=2975] out_idx == 5
[PID=2975] [[  0  0  0  0  0  0 14 15 16  0  0  0  0  0  0  0  0  0  0  0]]
+++++CONSUMER-MUTEX-ENDS++++++++[SUM=652][PID=2975]


+++++CONSUMER-MUTEX-START+++++++[SUM=652][PID=2977]
[PID=2977] mutex=0, full=0, empty=15
[PID=2977] read_idx = 46
[PID=2977] out_idx == 6
[PID=2977] [[  0  0  0  0  0  0  0 15 16  0  0  0  0  0  0  0  0  0  0  0]]
+++++CONSUMER-MUTEX-ENDS++++++++[SUM=666][PID=2977]


+++++CONSUMER-MUTEX-START+++++++[SUM=666][PID=2979]
[PID=2979] mutex=0, full=0, empty=16
[PID=2979] read_idx = 47
[PID=2979] out_idx == 7
[PID=2979] [[  0  0  0  0  0  0  0  0 16  0  0  0  0  0  0  0  0  0  0  0]]
+++++CONSUMER-MUTEX-ENDS++++++++[SUM=681][PID=2979]


=======PRODUCER-MUTEX-START======[SUM=681][PID=2971]
[PID=2971] sh_data_p->write_idx == 49
[PID=2971] in_idx == 9
[PID=2971] [[  0  0  0  0  0  0  0  0 16 17  0  0  0  0  0  0  0  0  0  0]]
[PID=2971] mutex=0, full=0, empty=17
=======PRODUCER-MUTEX-ENDS=======[SUM=681][PID=2971]

+++++CONSUMER-MUTEX-START+++++++[SUM=681][PID=2974]
[PID=2974] mutex=0, full=1, empty=16
[PID=2974] read_idx = 48
[PID=2974] out_idx == 8
[PID=2974] [[  0  0  0  0  0  0  0  0  0 17  0  0  0  0  0  0  0  0  0  0]]
+++++CONSUMER-MUTEX-ENDS++++++++[SUM=697][PID=2974]


+++++CONSUMER-MUTEX-START+++++++[SUM=697][PID=2974]
[PID=2974] mutex=0, full=0, empty=17
[PID=2974] read_idx = 49
[PID=2974] out_idx == 9
[PID=2974] [[  0  0  0  0  0  0  0  0  0  0  0  0  0  0  0  0  0  0  0  0]]
+++++CONSUMER-MUTEX-ENDS++++++++[SUM=714][PID=2974]


=======PRODUCER-MUTEX-START======[SUM=714][PID=2971]
[PID=2971] sh_data_p->write_idx == 50
[PID=2971] in_idx == 10
[PID=2971] [[  0  0  0  0  0  0  0  0  0  0 18  0  0  0  0  0  0  0  0  0]]
[PID=2971] mutex=0, full=0, empty=18
=======PRODUCER-MUTEX-ENDS=======[SUM=714][PID=2971]

=======PRODUCER-MUTEX-START======[SUM=714][PID=2972]
[PID=2972] sh_data_p->write_idx == 51
[PID=2972] in_idx == 11
[PID=2972] [[  0  0  0  0  0  0  0  0  0  0 18 34  0  0  0  0  0  0  0  0]]
[PID=2972] mutex=0, full=0, empty=17
=======PRODUCER-MUTEX-ENDS=======[SUM=714][PID=2972]

=======PRODUCER-MUTEX-START======[SUM=714][PID=2971]
[PID=2971] sh_data_p->write_idx == 52
[PID=2971] in_idx == 12
[PID=2971] [[  0  0  0  0  0  0  0  0  0  0 18 34 19  0  0  0  0  0  0  0]]
[PID=2971] mutex=0, full=0, empty=16
=======PRODUCER-MUTEX-ENDS=======[SUM=714][PID=2971]

+++++CONSUMER-MUTEX-START+++++++[SUM=714][PID=2973]
[PID=2973] mutex=0, full=0, empty=15
[PID=2973] read_idx = 50
[PID=2973] out_idx == 10
[PID=2973] [[  0  0  0  0  0  0  0  0  0  0  0 34 19  0  0  0  0  0  0  0]]
+++++CONSUMER-MUTEX-ENDS++++++++[SUM=732][PID=2973]


=======PRODUCER-MUTEX-START======[SUM=732][PID=2972]
[PID=2972] sh_data_p->write_idx == 53
[PID=2972] in_idx == 13
[PID=2972] [[  0  0  0  0  0  0  0  0  0  0  0 34 19 35  0  0  0  0  0  0]]
[PID=2972] mutex=0, full=0, empty=16
=======PRODUCER-MUTEX-ENDS=======[SUM=732][PID=2972]

+++++CONSUMER-MUTEX-START+++++++[SUM=732][PID=2976]
[PID=2976] mutex=0, full=0, empty=15
[PID=2976] read_idx = 51
[PID=2976] out_idx == 11
[PID=2976] [[  0  0  0  0  0  0  0  0  0  0  0  0 19 35  0  0  0  0  0  0]]
+++++CONSUMER-MUTEX-ENDS++++++++[SUM=766][PID=2976]


=======PRODUCER-MUTEX-START======[SUM=766][PID=2971]
[PID=2971] sh_data_p->write_idx == 54
[PID=2971] in_idx == 14
[PID=2971] [[  0  0  0  0  0  0  0  0  0  0  0  0 19 35 20  0  0  0  0  0]]
[PID=2971] mutex=0, full=0, empty=16
=======PRODUCER-MUTEX-ENDS=======[SUM=766][PID=2971]

=======PRODUCER-MUTEX-START======[SUM=766][PID=2971]
[PID=2971] sh_data_p->write_idx == 55
[PID=2971] in_idx == 15
[PID=2971] [[  0  0  0  0  0  0  0  0  0  0  0  0 19 35 20 21  0  0  0  0]]
[PID=2971] mutex=0, full=1, empty=15
=======PRODUCER-MUTEX-ENDS=======[SUM=766][PID=2971]

=======PRODUCER-MUTEX-START======[SUM=766][PID=2971]
[PID=2971] sh_data_p->write_idx == 56
[PID=2971] in_idx == 16
[PID=2971] [[  0  0  0  0  0  0  0  0  0  0  0  0 19 35 20 21 22  0  0  0]]
[PID=2971] mutex=0, full=2, empty=14
=======PRODUCER-MUTEX-ENDS=======[SUM=766][PID=2971]

+++++CONSUMER-MUTEX-START+++++++[SUM=766][PID=2977]
[PID=2977] mutex=0, full=1, empty=13
[PID=2977] read_idx = 52
[PID=2977] out_idx == 12
[PID=2977] [[  0  0  0  0  0  0  0  0  0  0  0  0  0 35 20 21 22  0  0  0]]
+++++CONSUMER-MUTEX-ENDS++++++++[SUM=785][PID=2977]


=======PRODUCER-MUTEX-START======[SUM=785][PID=2972]
[PID=2972] sh_data_p->write_idx == 57
[PID=2972] in_idx == 17
[PID=2972] [[  0  0  0  0  0  0  0  0  0  0  0  0  0 35 20 21 22 36  0  0]]
[PID=2972] mutex=0, full=0, empty=14
=======PRODUCER-MUTEX-ENDS=======[SUM=785][PID=2972]

=======PRODUCER-MUTEX-START======[SUM=785][PID=2972]
[PID=2972] sh_data_p->write_idx == 58
[PID=2972] in_idx == 18
[PID=2972] [[  0  0  0  0  0  0  0  0  0  0  0  0  0 35 20 21 22 36 37  0]]
[PID=2972] mutex=0, full=1, empty=13
=======PRODUCER-MUTEX-ENDS=======[SUM=785][PID=2972]

=======PRODUCER-MUTEX-START======[SUM=785][PID=2972]
[PID=2972] sh_data_p->write_idx == 59
[PID=2972] in_idx == 19
[PID=2972] [[  0  0  0  0  0  0  0  0  0  0  0  0  0 35 20 21 22 36 37 38]]
[PID=2972] mutex=0, full=2, empty=12
=======PRODUCER-MUTEX-ENDS=======[SUM=785][PID=2972]

+++++CONSUMER-MUTEX-START+++++++[SUM=785][PID=2973]
[PID=2973] mutex=0, full=1, empty=11
[PID=2973] read_idx = 53
[PID=2973] out_idx == 13
[PID=2973] [[  0  0  0  0  0  0  0  0  0  0  0  0  0  0 20 21 22 36 37 38]]
+++++CONSUMER-MUTEX-ENDS++++++++[SUM=820][PID=2973]


+++++CONSUMER-MUTEX-START+++++++[SUM=820][PID=2973]
[PID=2973] mutex=0, full=0, empty=12
[PID=2973] read_idx = 54
[PID=2973] out_idx == 14
[PID=2973] [[  0  0  0  0  0  0  0  0  0  0  0  0  0  0  0 21 22 36 37 38]]
+++++CONSUMER-MUTEX-ENDS++++++++[SUM=840][PID=2973]


+++++CONSUMER-MUTEX-START+++++++[SUM=840][PID=2974]
[PID=2974] mutex=0, full=0, empty=13
[PID=2974] read_idx = 55
[PID=2974] out_idx == 15
[PID=2974] [[  0  0  0  0  0  0  0  0  0  0  0  0  0  0  0  0 22 36 37 38]]
+++++CONSUMER-MUTEX-ENDS++++++++[SUM=861][PID=2974]


=======PRODUCER-MUTEX-START======[SUM=861][PID=2971]
[PID=2971] sh_data_p->write_idx == 60
[PID=2971] in_idx == 0
[PID=2971] [[ 23  0  0  0  0  0  0  0  0  0  0  0  0  0  0  0 22 36 37 38]]
[PID=2971] mutex=0, full=0, empty=14
=======PRODUCER-MUTEX-ENDS=======[SUM=861][PID=2971]

+++++CONSUMER-MUTEX-START+++++++[SUM=861][PID=2975]
[PID=2975] mutex=0, full=0, empty=13
[PID=2975] read_idx = 56
[PID=2975] out_idx == 16
[PID=2975] [[ 23  0  0  0  0  0  0  0  0  0  0  0  0  0  0  0  0 36 37 38]]
+++++CONSUMER-MUTEX-ENDS++++++++[SUM=883][PID=2975]


=======PRODUCER-MUTEX-START======[SUM=883][PID=2972]
[PID=2972] sh_data_p->write_idx == 61
[PID=2972] in_idx == 1
[PID=2972] [[ 23 39  0  0  0  0  0  0  0  0  0  0  0  0  0  0  0 36 37 38]]
[PID=2972] mutex=0, full=0, empty=14
=======PRODUCER-MUTEX-ENDS=======[SUM=883][PID=2972]

+++++CONSUMER-MUTEX-START+++++++[SUM=883][PID=2977]
[PID=2977] mutex=0, full=1, empty=13
[PID=2977] read_idx = 57
[PID=2977] out_idx == 17
[PID=2977] [[ 23 39  0  0  0  0  0  0  0  0  0  0  0  0  0  0  0  0 37 38]]
+++++CONSUMER-MUTEX-ENDS++++++++[SUM=919][PID=2977]


+++++CONSUMER-MUTEX-START+++++++[SUM=919][PID=2978]
[PID=2978] mutex=0, full=0, empty=14
[PID=2978] read_idx = 58
[PID=2978] out_idx == 18
[PID=2978] [[ 23 39  0  0  0  0  0  0  0  0  0  0  0  0  0  0  0  0  0 38]]
+++++CONSUMER-MUTEX-ENDS++++++++[SUM=956][PID=2978]


+++++CONSUMER-MUTEX-START+++++++[SUM=956][PID=2979]
[PID=2979] mutex=0, full=0, empty=15
[PID=2979] read_idx = 59
[PID=2979] out_idx == 19
[PID=2979] [[ 23 39  0  0  0  0  0  0  0  0  0  0  0  0  0  0  0  0  0  0]]
+++++CONSUMER-MUTEX-ENDS++++++++[SUM=994][PID=2979]


=======PRODUCER-MUTEX-START======[SUM=994][PID=2971]
[PID=2971] sh_data_p->write_idx == 62
[PID=2971] in_idx == 2
[PID=2971] [[ 23 39 24  0  0  0  0  0  0  0  0  0  0  0  0  0  0  0  0  0]]
[PID=2971] mutex=0, full=0, empty=16
=======PRODUCER-MUTEX-ENDS=======[SUM=994][PID=2971]

+++++CONSUMER-MUTEX-START+++++++[SUM=994][PID=2973]
[PID=2973] mutex=0, full=0, empty=15
[PID=2973] read_idx = 60
[PID=2973] out_idx == 0
[PID=2973] [[  0 39 24  0  0  0  0  0  0  0  0  0  0  0  0  0  0  0  0  0]]
+++++CONSUMER-MUTEX-ENDS++++++++[SUM=1017][PID=2973]


=======PRODUCER-MUTEX-START======[SUM=1017][PID=2972]
[PID=2972] sh_data_p->write_idx == 63
[PID=2972] in_idx == 3
[PID=2972] [[  0 39 24 40  0  0  0  0  0  0  0  0  0  0  0  0  0  0  0  0]]
[PID=2972] mutex=0, full=0, empty=16
=======PRODUCER-MUTEX-ENDS=======[SUM=1017][PID=2972]

+++++CONSUMER-MUTEX-START+++++++[SUM=1017][PID=2976]
[PID=2976] mutex=0, full=0, empty=15
[PID=2976] read_idx = 61
[PID=2976] out_idx == 1
[PID=2976] [[  0  0 24 40  0  0  0  0  0  0  0  0  0  0  0  0  0  0  0  0]]
+++++CONSUMER-MUTEX-ENDS++++++++[SUM=1056][PID=2976]


=======PRODUCER-MUTEX-START======[SUM=1056][PID=2971]
[PID=2971] sh_data_p->write_idx == 64
[PID=2971] in_idx == 4
[PID=2971] [[  0  0 24 40 25  0  0  0  0  0  0  0  0  0  0  0  0  0  0  0]]
[PID=2971] mutex=0, full=0, empty=16
=======PRODUCER-MUTEX-ENDS=======[SUM=1056][PID=2971]

=======PRODUCER-MUTEX-START======[SUM=1056][PID=2971]
[PID=2971] sh_data_p->write_idx == 65
[PID=2971] in_idx == 5
[PID=2971] [[  0  0 24 40 25 26  0  0  0  0  0  0  0  0  0  0  0  0  0  0]]
[PID=2971] mutex=0, full=1, empty=15
=======PRODUCER-MUTEX-ENDS=======[SUM=1056][PID=2971]

=======PRODUCER-MUTEX-START======[SUM=1056][PID=2972]
[PID=2972] sh_data_p->write_idx == 66
[PID=2972] in_idx == 6
[PID=2972] [[  0  0 24 40 25 26 41  0  0  0  0  0  0  0  0  0  0  0  0  0]]
[PID=2972] mutex=0, full=0, empty=14
=======PRODUCER-MUTEX-ENDS=======[SUM=1056][PID=2972]

=======PRODUCER-MUTEX-START======[SUM=1056][PID=2972]
[PID=2972] sh_data_p->write_idx == 67
[PID=2972] in_idx == 7
[PID=2972] [[  0  0 24 40 25 26 41 42  0  0  0  0  0  0  0  0  0  0  0  0]]
[PID=2972] mutex=0, full=1, empty=13
=======PRODUCER-MUTEX-ENDS=======[SUM=1056][PID=2972]

=======PRODUCER-MUTEX-START======[SUM=1056][PID=2972]
[PID=2972] sh_data_p->write_idx == 68
[PID=2972] in_idx == 8
[PID=2972] [[  0  0 24 40 25 26 41 42 43  0  0  0  0  0  0  0  0  0  0  0]]
[PID=2972] mutex=0, full=0, empty=12
=======PRODUCER-MUTEX-ENDS=======[SUM=1056][PID=2972]

=======PRODUCER-MUTEX-START======[SUM=1056][PID=2972]
[PID=2972] sh_data_p->write_idx == 69
[PID=2972] in_idx == 9
[PID=2972] [[  0  0 24 40 25 26 41 42 43 44  0  0  0  0  0  0  0  0  0  0]]
[PID=2972] mutex=0, full=0, empty=11
=======PRODUCER-MUTEX-ENDS=======[SUM=1056][PID=2972]

=======PRODUCER-MUTEX-START======[SUM=1056][PID=2972]
[PID=2972] sh_data_p->write_idx == 70
[PID=2972] in_idx == 10
[PID=2972] [[  0  0 24 40 25 26 41 42 43 44 45  0  0  0  0  0  0  0  0  0]]
[PID=2972] mutex=0, full=1, empty=10
=======PRODUCER-MUTEX-ENDS=======[SUM=1056][PID=2972]

=======PRODUCER-MUTEX-START======[SUM=1056][PID=2972]
[PID=2972] sh_data_p->write_idx == 71
[PID=2972] in_idx == 11
[PID=2972] [[  0  0 24 40 25 26 41 42 43 44 45 46  0  0  0  0  0  0  0  0]]
[PID=2972] mutex=0, full=2, empty=9
=======PRODUCER-MUTEX-ENDS=======[SUM=1056][PID=2972]

=======PRODUCER-MUTEX-START======[SUM=1056][PID=2972]
[PID=2972] sh_data_p->write_idx == 72
[PID=2972] in_idx == 12
[PID=2972] [[  0  0 24 40 25 26 41 42 43 44 45 46 47  0  0  0  0  0  0  0]]
[PID=2972] mutex=0, full=3, empty=8
=======PRODUCER-MUTEX-ENDS=======[SUM=1056][PID=2972]

=======PRODUCER-MUTEX-START======[SUM=1056][PID=2972]
[PID=2972] sh_data_p->write_idx == 73
[PID=2972] in_idx == 13
[PID=2972] [[  0  0 24 40 25 26 41 42 43 44 45 46 47 48  0  0  0  0  0  0]]
[PID=2972] mutex=0, full=4, empty=7
=======PRODUCER-MUTEX-ENDS=======[SUM=1056][PID=2972]

=======PRODUCER-MUTEX-START======[SUM=1056][PID=2972]
[PID=2972] sh_data_p->write_idx == 74
[PID=2972] in_idx == 14
[PID=2972] [[  0  0 24 40 25 26 41 42 43 44 45 46 47 48 49  0  0  0  0  0]]
[PID=2972] mutex=0, full=5, empty=6
=======PRODUCER-MUTEX-ENDS=======[SUM=1056][PID=2972]

=======PRODUCER-MUTEX-START======[SUM=1056][PID=2972]
[PID=2972] sh_data_p->write_idx == 75
[PID=2972] in_idx == 15
[PID=2972] [[  0  0 24 40 25 26 41 42 43 44 45 46 47 48 49 50  0  0  0  0]]
[PID=2972] mutex=0, full=6, empty=5
=======PRODUCER-MUTEX-ENDS=======[SUM=1056][PID=2972]

+++++CONSUMER-MUTEX-START+++++++[SUM=1056][PID=2978]
[PID=2978] mutex=0, full=7, empty=5
[PID=2978] read_idx = 62
[PID=2978] out_idx == 2
[PID=2978] [[  0  0  0 40 25 26 41 42 43 44 45 46 47 48 49 50  0  0  0  0]]
+++++CONSUMER-MUTEX-ENDS++++++++[SUM=1080][PID=2978]


+++++CONSUMER-MUTEX-START+++++++[SUM=1080][PID=2978]
[PID=2978] mutex=0, full=6, empty=6
[PID=2978] read_idx = 63
[PID=2978] out_idx == 3
[PID=2978] [[  0  0  0  0 25 26 41 42 43 44 45 46 47 48 49 50  0  0  0  0]]
+++++CONSUMER-MUTEX-ENDS++++++++[SUM=1120][PID=2978]


+++++CONSUMER-MUTEX-START+++++++[SUM=1120][PID=2978]
[PID=2978] mutex=0, full=5, empty=7
[PID=2978] read_idx = 64
[PID=2978] out_idx == 4
[PID=2978] [[  0  0  0  0  0 26 41 42 43 44 45 46 47 48 49 50  0  0  0  0]]
+++++CONSUMER-MUTEX-ENDS++++++++[SUM=1145][PID=2978]


+++++CONSUMER-MUTEX-START+++++++[SUM=1145][PID=2978]
[PID=2978] mutex=0, full=4, empty=8
[PID=2978] read_idx = 65
[PID=2970] Process(PID==2972) exited with status 0
[PID=2978] out_idx == 5
[PID=2978] [[  0  0  0  0  0  0 41 42 43 44 45 46 47 48 49 50  0  0  0  0]]
+++++CONSUMER-MUTEX-ENDS++++++++[SUM=1171][PID=2978]


+++++CONSUMER-MUTEX-START+++++++[SUM=1171][PID=2978]
[PID=2978] mutex=0, full=3, empty=9
[PID=2978] read_idx = 66
[PID=2978] out_idx == 6
[PID=2978] [[  0  0  0  0  0  0  0 42 43 44 45 46 47 48 49 50  0  0  0  0]]
+++++CONSUMER-MUTEX-ENDS++++++++[SUM=1212][PID=2978]


+++++CONSUMER-MUTEX-START+++++++[SUM=1212][PID=2978]
[PID=2978] mutex=0, full=2, empty=10
[PID=2978] read_idx = 67
[PID=2978] out_idx == 7
[PID=2978] [[  0  0  0  0  0  0  0  0 43 44 45 46 47 48 49 50  0  0  0  0]]
+++++CONSUMER-MUTEX-ENDS++++++++[SUM=1254][PID=2978]


+++++CONSUMER-MUTEX-START+++++++[SUM=1254][PID=2978]
[PID=2978] mutex=0, full=1, empty=11
[PID=2978] read_idx = 68
[PID=2978] out_idx == 8
[PID=2978] [[  0  0  0  0  0  0  0  0  0 44 45 46 47 48 49 50  0  0  0  0]]
+++++CONSUMER-MUTEX-ENDS++++++++[SUM=1297][PID=2978]


+++++CONSUMER-MUTEX-START+++++++[SUM=1297][PID=2978]
[PID=2978] mutex=0, full=0, empty=12
[PID=2978] read_idx = 69
[PID=2978] out_idx == 9
[PID=2978] [[  0  0  0  0  0  0  0  0  0  0 45 46 47 48 49 50  0  0  0  0]]
+++++CONSUMER-MUTEX-ENDS++++++++[SUM=1341][PID=2978]


+++++CONSUMER-MUTEX-START+++++++[SUM=1341][PID=2975]
[PID=2975] mutex=0, full=0, empty=13
[PID=2975] read_idx = 70
[PID=2975] out_idx == 10
[PID=2975] [[  0  0  0  0  0  0  0  0  0  0  0 46 47 48 49 50  0  0  0  0]]
+++++CONSUMER-MUTEX-ENDS++++++++[SUM=1386][PID=2975]


+++++CONSUMER-MUTEX-START+++++++[SUM=1386][PID=2977]
[PID=2977] mutex=0, full=0, empty=14
[PID=2977] read_idx = 71
[PID=2977] out_idx == 11
[PID=2977] [[  0  0  0  0  0  0  0  0  0  0  0  0 47 48 49 50  0  0  0  0]]
+++++CONSUMER-MUTEX-ENDS++++++++[SUM=1432][PID=2977]


=======PRODUCER-MUTEX-START======[SUM=1432][PID=2971]
[PID=2971] sh_data_p->write_idx == 76
[PID=2971] in_idx == 16
[PID=2971] [[  0  0  0  0  0  0  0  0  0  0  0  0 47 48 49 50 27  0  0  0]]
[PID=2971] mutex=0, full=0, empty=15
=======PRODUCER-MUTEX-ENDS=======[SUM=1432][PID=2971]

=======PRODUCER-MUTEX-START======[SUM=1432][PID=2971]
[PID=2971] sh_data_p->write_idx == 77
[PID=2971] in_idx == 17
[PID=2971] [[  0  0  0  0  0  0  0  0  0  0  0  0 47 48 49 50 27 28  0  0]]
[PID=2971] mutex=0, full=0, empty=14
=======PRODUCER-MUTEX-ENDS=======[SUM=1432][PID=2971]

=======PRODUCER-MUTEX-START======[SUM=1432][PID=2971]
[PID=2971] sh_data_p->write_idx == 78
[PID=2971] in_idx == 18
[PID=2971] [[  0  0  0  0  0  0  0  0  0  0  0  0 47 48 49 50 27 28 29  0]]
[PID=2971] mutex=0, full=0, empty=13
=======PRODUCER-MUTEX-ENDS=======[SUM=1432][PID=2971]

=======PRODUCER-MUTEX-START======[SUM=1432][PID=2971]
[PID=2971] sh_data_p->write_idx == 79
[PID=2971] in_idx == 19
[PID=2971] [[  0  0  0  0  0  0  0  0  0  0  0  0 47 48 49 50 27 28 29 30]]
[PID=2971] mutex=0, full=0, empty=12
=======PRODUCER-MUTEX-ENDS=======[SUM=1432][PID=2971]

=======PRODUCER-MUTEX-START======[SUM=1432][PID=2971]
[PID=2971] sh_data_p->write_idx == 80
[PID=2971] in_idx == 0
[PID=2971] [[ 31  0  0  0  0  0  0  0  0  0  0  0 47 48 49 50 27 28 29 30]]
[PID=2971] mutex=0, full=1, empty=11
=======PRODUCER-MUTEX-ENDS=======[SUM=1432][PID=2971]

=======PRODUCER-MUTEX-START======[SUM=1432][PID=2971]
[PID=2971] sh_data_p->write_idx == 81
[PID=2971] in_idx == 1
[PID=2971] [[ 31 32  0  0  0  0  0  0  0  0  0  0 47 48 49 50 27 28 29 30]]
[PID=2971] mutex=0, full=2, empty=10
=======PRODUCER-MUTEX-ENDS=======[SUM=1432][PID=2971]

=======PRODUCER-MUTEX-START======[SUM=1432][PID=2971]
[PID=2971] sh_data_p->write_idx == 82
[PID=2971] in_idx == 2
[PID=2971] [[ 31 32 33  0  0  0  0  0  0  0  0  0 47 48 49 50 27 28 29 30]]
[PID=2971] mutex=0, full=3, empty=9
=======PRODUCER-MUTEX-ENDS=======[SUM=1432][PID=2971]

=======PRODUCER-MUTEX-START======[SUM=1432][PID=2971]
[PID=2971] sh_data_p->write_idx == 83
[PID=2971] in_idx == 3
[PID=2971] [[ 31 32 33 34  0  0  0  0  0  0  0  0 47 48 49 50 27 28 29 30]]
[PID=2971] mutex=0, full=4, empty=8
=======PRODUCER-MUTEX-ENDS=======[SUM=1432][PID=2971]

=======PRODUCER-MUTEX-START======[SUM=1432][PID=2971]
[PID=2971] sh_data_p->write_idx == 84
[PID=2971] in_idx == 4
[PID=2971] [[ 31 32 33 34 35  0  0  0  0  0  0  0 47 48 49 50 27 28 29 30]]
[PID=2971] mutex=0, full=5, empty=7
=======PRODUCER-MUTEX-ENDS=======[SUM=1432][PID=2971]

=======PRODUCER-MUTEX-START======[SUM=1432][PID=2971]
[PID=2971] sh_data_p->write_idx == 85
[PID=2971] in_idx == 5
[PID=2971] [[ 31 32 33 34 35 36  0  0  0  0  0  0 47 48 49 50 27 28 29 30]]
[PID=2971] mutex=0, full=6, empty=6
=======PRODUCER-MUTEX-ENDS=======[SUM=1432][PID=2971]

=======PRODUCER-MUTEX-START======[SUM=1432][PID=2971]
[PID=2971] sh_data_p->write_idx == 86
[PID=2971] in_idx == 6
[PID=2971] [[ 31 32 33 34 35 36 37  0  0  0  0  0 47 48 49 50 27 28 29 30]]
[PID=2971] mutex=0, full=7, empty=5
=======PRODUCER-MUTEX-ENDS=======[SUM=1432][PID=2971]

=======PRODUCER-MUTEX-START======[SUM=1432][PID=2971]
[PID=2971] sh_data_p->write_idx == 87
[PID=2971] in_idx == 7
[PID=2971] [[ 31 32 33 34 35 36 37 38  0  0  0  0 47 48 49 50 27 28 29 30]]
[PID=2971] mutex=0, full=8, empty=4
=======PRODUCER-MUTEX-ENDS=======[SUM=1432][PID=2971]

=======PRODUCER-MUTEX-START======[SUM=1432][PID=2971]
[PID=2971] sh_data_p->write_idx == 88
[PID=2971] in_idx == 8
[PID=2971] [[ 31 32 33 34 35 36 37 38 39  0  0  0 47 48 49 50 27 28 29 30]]
[PID=2971] mutex=0, full=9, empty=3
=======PRODUCER-MUTEX-ENDS=======[SUM=1432][PID=2971]

=======PRODUCER-MUTEX-START======[SUM=1432][PID=2971]
[PID=2971] sh_data_p->write_idx == 89
[PID=2971] in_idx == 9
[PID=2971] [[ 31 32 33 34 35 36 37 38 39 40  0  0 47 48 49 50 27 28 29 30]]
[PID=2971] mutex=0, full=10, empty=2
=======PRODUCER-MUTEX-ENDS=======[SUM=1432][PID=2971]

=======PRODUCER-MUTEX-START======[SUM=1432][PID=2971]
[PID=2971] sh_data_p->write_idx == 90
[PID=2971] in_idx == 10
[PID=2971] [[ 31 32 33 34 35 36 37 38 39 40 41  0 47 48 49 50 27 28 29 30]]
[PID=2971] mutex=0, full=11, empty=1
=======PRODUCER-MUTEX-ENDS=======[SUM=1432][PID=2971]

=======PRODUCER-MUTEX-START======[SUM=1432][PID=2971]
[PID=2971] sh_data_p->write_idx == 91
[PID=2971] in_idx == 11
[PID=2971] [[ 31 32 33 34 35 36 37 38 39 40 41 42 47 48 49 50 27 28 29 30]]
[PID=2971] mutex=0, full=12, empty=0
=======PRODUCER-MUTEX-ENDS=======[SUM=1432][PID=2971]

+++++CONSUMER-MUTEX-START+++++++[SUM=1432][PID=2979]
[PID=2979] mutex=0, full=13, empty=0
[PID=2979] read_idx = 72
[PID=2979] out_idx == 12
[PID=2979] [[ 31 32 33 34 35 36 37 38 39 40 41 42  0 48 49 50 27 28 29 30]]
+++++CONSUMER-MUTEX-ENDS++++++++[SUM=1479][PID=2979]


+++++CONSUMER-MUTEX-START+++++++[SUM=1479][PID=2977]
[PID=2977] mutex=0, full=12, empty=1
[PID=2977] read_idx = 73
[PID=2977] out_idx == 13
[PID=2977] [[ 31 32 33 34 35 36 37 38 39 40 41 42  0  0 49 50 27 28 29 30]]
+++++CONSUMER-MUTEX-ENDS++++++++[SUM=1527][PID=2977]


+++++CONSUMER-MUTEX-START+++++++[SUM=1527][PID=2977]
[PID=2977] mutex=0, full=11, empty=2
[PID=2977] read_idx = 74
[PID=2977] out_idx == 14
[PID=2977] [[ 31 32 33 34 35 36 37 38 39 40 41 42  0  0  0 50 27 28 29 30]]
+++++CONSUMER-MUTEX-ENDS++++++++[SUM=1576][PID=2977]


+++++CONSUMER-MUTEX-START+++++++[SUM=1576][PID=2977]
[PID=2977] mutex=0, full=10, empty=3
[PID=2977] read_idx = 75
[PID=2977] out_idx == 15
[PID=2977] [[ 31 32 33 34 35 36 37 38 39 40 41 42  0  0  0  0 27 28 29 30]]
+++++CONSUMER-MUTEX-ENDS++++++++[SUM=1626][PID=2977]


+++++CONSUMER-MUTEX-START+++++++[SUM=1626][PID=2977]
[PID=2977] mutex=0, full=9, empty=4
[PID=2977] read_idx = 76
[PID=2977] out_idx == 16
[PID=2977] [[ 31 32 33 34 35 36 37 38 39 40 41 42  0  0  0  0  0 28 29 30]]
+++++CONSUMER-MUTEX-ENDS++++++++[SUM=1653][PID=2977]


+++++CONSUMER-MUTEX-START+++++++[SUM=1653][PID=2977]
[PID=2977] mutex=0, full=8, empty=5
[PID=2977] read_idx = 77
[PID=2977] out_idx == 17
[PID=2977] [[ 31 32 33 34 35 36 37 38 39 40 41 42  0  0  0  0  0  0 29 30]]
+++++CONSUMER-MUTEX-ENDS++++++++[SUM=1681][PID=2977]


+++++CONSUMER-MUTEX-START+++++++[SUM=1681][PID=2977]
[PID=2977] mutex=0, full=7, empty=6
[PID=2977] read_idx = 78
[PID=2977] out_idx == 18
[PID=2977] [[ 31 32 33 34 35 36 37 38 39 40 41 42  0  0  0  0  0  0  0 30]]
+++++CONSUMER-MUTEX-ENDS++++++++[SUM=1710][PID=2977]


+++++CONSUMER-MUTEX-START+++++++[SUM=1710][PID=2977]
[PID=2977] mutex=0, full=6, empty=7
[PID=2977] read_idx = 79
[PID=2977] out_idx == 19
[PID=2977] [[ 31 32 33 34 35 36 37 38 39 40 41 42  0  0  0  0  0  0  0  0]]
+++++CONSUMER-MUTEX-ENDS++++++++[SUM=1740][PID=2977]


+++++CONSUMER-MUTEX-START+++++++[SUM=1740][PID=2977]
[PID=2977] mutex=0, full=5, empty=8
[PID=2977] read_idx = 80
[PID=2977] out_idx == 0
[PID=2977] [[  0 32 33 34 35 36 37 38 39 40 41 42  0  0  0  0  0  0  0  0]]
+++++CONSUMER-MUTEX-ENDS++++++++[SUM=1771][PID=2977]


+++++CONSUMER-MUTEX-START+++++++[SUM=1771][PID=2977]
[PID=2977] mutex=0, full=4, empty=9
[PID=2977] read_idx = 81
[PID=2977] out_idx == 1
[PID=2977] [[  0  0 33 34 35 36 37 38 39 40 41 42  0  0  0  0  0  0  0  0]]
+++++CONSUMER-MUTEX-ENDS++++++++[SUM=1803][PID=2977]


+++++CONSUMER-MUTEX-START+++++++[SUM=1803][PID=2977]
[PID=2977] mutex=0, full=3, empty=10
[PID=2977] read_idx = 82
[PID=2977] out_idx == 2
[PID=2977] [[  0  0  0 34 35 36 37 38 39 40 41 42  0  0  0  0  0  0  0  0]]
+++++CONSUMER-MUTEX-ENDS++++++++[SUM=1836][PID=2977]


+++++CONSUMER-MUTEX-START+++++++[SUM=1836][PID=2977]
[PID=2977] mutex=0, full=2, empty=11
[PID=2977] read_idx = 83
[PID=2977] out_idx == 3
[PID=2977] [[  0  0  0  0 35 36 37 38 39 40 41 42  0  0  0  0  0  0  0  0]]
+++++CONSUMER-MUTEX-ENDS++++++++[SUM=1870][PID=2977]


+++++CONSUMER-MUTEX-START+++++++[SUM=1870][PID=2977]
[PID=2977] mutex=0, full=1, empty=12
[PID=2977] read_idx = 84
[PID=2977] out_idx == 4
[PID=2977] [[  0  0  0  0  0 36 37 38 39 40 41 42  0  0  0  0  0  0  0  0]]
+++++CONSUMER-MUTEX-ENDS++++++++[SUM=1905][PID=2977]


+++++CONSUMER-MUTEX-START+++++++[SUM=1905][PID=2977]
[PID=2977] mutex=0, full=0, empty=13
[PID=2977] read_idx = 85
[PID=2977] out_idx == 5
[PID=2977] [[  0  0  0  0  0  0 37 38 39 40 41 42  0  0  0  0  0  0  0  0]]
+++++CONSUMER-MUTEX-ENDS++++++++[SUM=1941][PID=2977]


+++++CONSUMER-MUTEX-START+++++++[SUM=1941][PID=2974]
[PID=2974] mutex=0, full=0, empty=13
[PID=2974] read_idx = 86
[PID=2974] out_idx == 6
[PID=2974] [[  0  0  0  0  0  0  0 38 39 40 41 42  0  0  0  0  0  0  0  0]]
+++++CONSUMER-MUTEX-ENDS++++++++[SUM=1978][PID=2974]


+++++CONSUMER-MUTEX-START+++++++[SUM=1978][PID=2973]
[PID=2973] mutex=0, full=0, empty=14
[PID=2973] read_idx = 87
[PID=2973] out_idx == 7
[PID=2973] [[  0  0  0  0  0  0  0  0 39 40 41 42  0  0  0  0  0  0  0  0]]
+++++CONSUMER-MUTEX-ENDS++++++++[SUM=2016][PID=2973]


+++++CONSUMER-MUTEX-START+++++++[SUM=2016][PID=2978]
[PID=2978] mutex=0, full=0, empty=15
[PID=2978] read_idx = 88
[PID=2978] out_idx == 8
[PID=2978] [[  0  0  0  0  0  0  0  0  0 40 41 42  0  0  0  0  0  0  0  0]]
+++++CONSUMER-MUTEX-ENDS++++++++[SUM=2055][PID=2978]


+++++CONSUMER-MUTEX-START+++++++[SUM=2055][PID=2976]
[PID=2976] mutex=0, full=0, empty=16
[PID=2976] read_idx = 89
[PID=2976] out_idx == 9
[PID=2976] [[  0  0  0  0  0  0  0  0  0  0 41 42  0  0  0  0  0  0  0  0]]
+++++CONSUMER-MUTEX-ENDS++++++++[SUM=2095][PID=2976]


+++++CONSUMER-MUTEX-START+++++++[SUM=2095][PID=2975]
[PID=2975] mutex=0, full=0, empty=17
[PID=2975] read_idx = 90
[PID=2975] out_idx == 10
[PID=2975] [[  0  0  0  0  0  0  0  0  0  0  0 42  0  0  0  0  0  0  0  0]]
+++++CONSUMER-MUTEX-ENDS++++++++[SUM=2136][PID=2975]


+++++CONSUMER-MUTEX-START+++++++[SUM=2136][PID=2979]
[PID=2979] mutex=0, full=0, empty=18
[PID=2979] read_idx = 91
[PID=2979] out_idx == 11
[PID=2979] [[  0  0  0  0  0  0  0  0  0  0  0  0  0  0  0  0  0  0  0  0]]
+++++CONSUMER-MUTEX-ENDS++++++++[SUM=2178][PID=2979]


=======PRODUCER-MUTEX-START======[SUM=2178][PID=2971]
[PID=2971] sh_data_p->write_idx == 92
[PID=2971] in_idx == 12
[PID=2971] [[  0  0  0  0  0  0  0  0  0  0  0  0 43  0  0  0  0  0  0  0]]
[PID=2971] mutex=0, full=0, empty=19
=======PRODUCER-MUTEX-ENDS=======[SUM=2178][PID=2971]

=======PRODUCER-MUTEX-START======[SUM=2178][PID=2971]
[PID=2971] sh_data_p->write_idx == 93
[PID=2971] in_idx == 13
[PID=2971] [[  0  0  0  0  0  0  0  0  0  0  0  0 43 44  0  0  0  0  0  0]]
[PID=2971] mutex=0, full=0, empty=18
=======PRODUCER-MUTEX-ENDS=======[SUM=2178][PID=2971]

=======PRODUCER-MUTEX-START======[SUM=2178][PID=2971]
[PID=2971] sh_data_p->write_idx == 94
[PID=2971] in_idx == 14
[PID=2971] [[  0  0  0  0  0  0  0  0  0  0  0  0 43 44 45  0  0  0  0  0]]
[PID=2971] mutex=0, full=0, empty=17
=======PRODUCER-MUTEX-ENDS=======[SUM=2178][PID=2971]

+++++CONSUMER-MUTEX-START+++++++[SUM=2178][PID=2977]
[PID=2977] mutex=0, full=0, empty=16
[PID=2977] read_idx = 92
[PID=2977] out_idx == 12
[PID=2977] [[  0  0  0  0  0  0  0  0  0  0  0  0  0 44 45  0  0  0  0  0]]
+++++CONSUMER-MUTEX-ENDS++++++++[SUM=2221][PID=2977]


+++++CONSUMER-MUTEX-START+++++++[SUM=2221][PID=2974]
[PID=2974] mutex=0, full=0, empty=17
[PID=2974] read_idx = 93
[PID=2974] out_idx == 13
[PID=2974] [[  0  0  0  0  0  0  0  0  0  0  0  0  0  0 45  0  0  0  0  0]]
+++++CONSUMER-MUTEX-ENDS++++++++[SUM=2265][PID=2974]


=======PRODUCER-MUTEX-START======[SUM=2265][PID=2971]
[PID=2971] sh_data_p->write_idx == 95
[PID=2971] in_idx == 15
[PID=2971] [[  0  0  0  0  0  0  0  0  0  0  0  0  0  0 45 46  0  0  0  0]]
[PID=2971] mutex=0, full=0, empty=18
=======PRODUCER-MUTEX-ENDS=======[SUM=2265][PID=2971]

+++++CONSUMER-MUTEX-START+++++++[SUM=2265][PID=2973]
[PID=2973] mutex=0, full=0, empty=17
[PID=2973] read_idx = 94
[PID=2973] out_idx == 14
[PID=2973] [[  0  0  0  0  0  0  0  0  0  0  0  0  0  0  0 46  0  0  0  0]]
+++++CONSUMER-MUTEX-ENDS++++++++[SUM=2310][PID=2973]


=======PRODUCER-MUTEX-START======[SUM=2310][PID=2971]
[PID=2971] sh_data_p->write_idx == 96
[PID=2971] in_idx == 16
[PID=2971] [[  0  0  0  0  0  0  0  0  0  0  0  0  0  0  0 46 47  0  0  0]]
[PID=2971] mutex=0, full=0, empty=18
=======PRODUCER-MUTEX-ENDS=======[SUM=2310][PID=2971]

=======PRODUCER-MUTEX-START======[SUM=2310][PID=2971]
[PID=2971] sh_data_p->write_idx == 97
[PID=2971] in_idx == 17
[PID=2971] [[  0  0  0  0  0  0  0  0  0  0  0  0  0  0  0 46 47 48  0  0]]
[PID=2971] mutex=0, full=1, empty=17
=======PRODUCER-MUTEX-ENDS=======[SUM=2310][PID=2971]

=======PRODUCER-MUTEX-START======[SUM=2310][PID=2971]
[PID=2971] sh_data_p->write_idx == 98
[PID=2971] in_idx == 18
[PID=2971] [[  0  0  0  0  0  0  0  0  0  0  0  0  0  0  0 46 47 48 49  0]]
[PID=2971] mutex=0, full=1, empty=16
=======PRODUCER-MUTEX-ENDS=======[SUM=2310][PID=2971]

=======PRODUCER-MUTEX-START======[SUM=2310][PID=2971]
[PID=2971] sh_data_p->write_idx == 99
[PID=2971] in_idx == 19
[PID=2971] [[  0  0  0  0  0  0  0  0  0  0  0  0  0  0  0 46 47 48 49 50]]
[PID=2971] mutex=0, full=2, empty=15
=======PRODUCER-MUTEX-ENDS=======[SUM=2310][PID=2971]

+++++CONSUMER-MUTEX-START+++++++[SUM=2310][PID=2975]
[PID=2975] mutex=0, full=3, empty=15
[PID=2975] read_idx = 95
[PID=2975] out_idx == 15
[PID=2975] [[  0  0  0  0  0  0  0  0  0  0  0  0  0  0  0  0 47 48 49 50]]
+++++CONSUMER-MUTEX-ENDS++++++++[SUM=2356][PID=2975]


+++++CONSUMER-MUTEX-START+++++++[SUM=2356][PID=2975]
[PID=2975] mutex=0, full=2, empty=16
[PID=2975] read_idx = 96
[PID=2975] out_idx == 16
[PID=2975] [[  0  0  0  0  0  0  0  0  0  0  0  0  0  0  0  0  0 48 49 50]]
+++++CONSUMER-MUTEX-ENDS++++++++[SUM=2403][PID=2975]


+++++CONSUMER-MUTEX-START+++++++[SUM=2403][PID=2975]
[PID=2975] mutex=0, full=0, empty=17
[PID=2975] read_idx = 97
[PID=2975] out_idx == 17
[PID=2975] [[  0  0  0  0  0  0  0  0  0  0  0  0  0  0  0  0  0  0 49 50]]
+++++CONSUMER-MUTEX-ENDS++++++++[SUM=2451][PID=2975]


+++++CONSUMER-MUTEX-START+++++++[SUM=2451][PID=2978]
[PID=2978] mutex=0, full=0, empty=18
[PID=2978] read_idx = 98
[PID=2978] out_idx == 18
[PID=2978] [[  0  0  0  0  0  0  0  0  0  0  0  0  0  0  0  0  0  0  0 50]]
+++++CONSUMER-MUTEX-ENDS++++++++[SUM=2500][PID=2978]


+++++CONSUMER-MUTEX-START+++++++[SUM=2500][PID=2979]
[PID=2979] mutex=0, full=0, empty=19
[PID=2979] read_idx = 99
[PID=2979] out_idx == 19
[PID=2979] [[  0  0  0  0  0  0  0  0  0  0  0  0  0  0  0  0  0  0  0  0]]
+++++CONSUMER-MUTEX-ENDS++++++++[SUM=2550][PID=2979]


+++++CONSUMER-MUTEX-START+++++++[SUM=2550][PID=2974]
[PID=2974] mutex=0, full=4, empty=20
[PID=2974] Since the task is completed, there's nothing to do in critical section. I'm terminating . . .
+++++CONSUMER-MUTEX-ENDS++++++++[SUM=2550][PID=2974]


+++++CONSUMER-MUTEX-START+++++++[SUM=2550][PID=2975]
[PID=2975] mutex=0, full=10, empty=21
[PID=2975] Since the task is completed, there's nothing to do in critical section. I'm terminating . . .
+++++CONSUMER-MUTEX-ENDS++++++++[SUM=2550][PID=2975]


+++++CONSUMER-MUTEX-START+++++++[SUM=2550][PID=2978]
[PID=2978] mutex=0, full=13, empty=22
[PID=2978] Since the task is completed, there's nothing to do in critical section. I'm terminating . . .
+++++CONSUMER-MUTEX-ENDS++++++++[SUM=2550][PID=2978]


+++++CONSUMER-MUTEX-START+++++++[SUM=2550][PID=2973]
[PID=2973] mutex=0, full=19, empty=23
[PID=2973] Since the task is completed, there's nothing to do in critical section. I'm terminating . . .
+++++CONSUMER-MUTEX-ENDS++++++++[SUM=2550][PID=2973]


+++++CONSUMER-MUTEX-START+++++++[SUM=2550][PID=2977]
[PID=2977] mutex=0, full=24, empty=24
[PID=2977] Since the task is completed, there's nothing to do in critical section. I'm terminating . . .
+++++CONSUMER-MUTEX-ENDS++++++++[SUM=2550][PID=2977]


+++++CONSUMER-MUTEX-START+++++++[SUM=2550][PID=2976]
[PID=2976] mutex=0, full=30, empty=25
[PID=2976] Since the task is completed, there's nothing to do in critical section. I'm terminating . . .
+++++CONSUMER-MUTEX-ENDS++++++++[SUM=2550][PID=2976]

[PID=2970] Process(PID==2973) exited with status 0
[PID=2970] Process(PID==2974) exited with status 0
[PID=2970] Process(PID==2975) exited with status 0
[PID=2970] Process(PID==2976) exited with status 0
[PID=2970] Process(PID==2977) exited with status 0
[PID=2970] Process(PID==2978) exited with status 0
[PID=2970] Process(PID==2979) exited with status 0
[PID=2970] Process(PID==2971) exited with status 0
2550
